0 info it worked if it ends with ok
1 verbose cli [ '/usr/bin/nodejs', '/usr/bin/npm', 'run', 'server-dev' ]
2 info using npm@4.1.2
3 info using node@v7.7.4
4 verbose run-script [ 'preserver-dev', 'server-dev', 'postserver-dev' ]
5 info lifecycle matsmartare@0.0.0~preserver-dev: matsmartare@0.0.0
6 silly lifecycle matsmartare@0.0.0~preserver-dev: no script for preserver-dev, continuing
7 info lifecycle matsmartare@0.0.0~server-dev: matsmartare@0.0.0
8 verbose lifecycle matsmartare@0.0.0~server-dev: unsafe-perm in lifecycle true
9 verbose lifecycle matsmartare@0.0.0~server-dev: PATH: /usr/lib/node_modules/npm/bin/node-gyp-bin:/home/wasd/IdeaProjects/matsmartare_git/server/node_modules/.bin:/home/wasd/bin:/usr/local/bin:/usr/bin:/bin:/usr/local/games:/usr/games:/usr/lib/jvm/java-8-oracle/bin:/usr/lib/jvm/java-8-oracle/db/bin:/usr/lib/jvm/java-8-oracle/jre/bin:/sbin:/usr/sbin
10 verbose lifecycle matsmartare@0.0.0~server-dev: CWD: /home/wasd/IdeaProjects/matsmartare_git/server
11 silly lifecycle matsmartare@0.0.0~server-dev: Args: [ '-c', 'babel-node src/server.js' ]
12 silly lifecycle matsmartare@0.0.0~server-dev: Returned: code: 1  signal: null
13 info lifecycle matsmartare@0.0.0~server-dev: Failed to exec server-dev script
14 verbose stack Error: matsmartare@0.0.0 server-dev: `babel-node src/server.js`
14 verbose stack Exit status 1
14 verbose stack     at EventEmitter.<anonymous> (/usr/lib/node_modules/npm/lib/utils/lifecycle.js:279:16)
14 verbose stack     at emitTwo (events.js:106:13)
14 verbose stack     at EventEmitter.emit (events.js:194:7)
14 verbose stack     at ChildProcess.<anonymous> (/usr/lib/node_modules/npm/lib/utils/spawn.js:40:14)
14 verbose stack     at emitTwo (events.js:106:13)
14 verbose stack     at ChildProcess.emit (events.js:194:7)
14 verbose stack     at maybeClose (internal/child_process.js:899:16)
14 verbose stack     at Process.ChildProcess._handle.onexit (internal/child_process.js:226:5)
15 verbose pkgid matsmartare@0.0.0
16 verbose cwd /home/wasd/IdeaProjects/matsmartare_git/server
17 error Linux 4.9.0-2-amd64
18 error argv "/usr/bin/nodejs" "/usr/bin/npm" "run" "server-dev"
19 error node v7.7.4
20 error npm  v4.1.2
21 error code ELIFECYCLE
22 error matsmartare@0.0.0 server-dev: `babel-node src/server.js`
22 error Exit status 1
23 error Failed at the matsmartare@0.0.0 server-dev script 'babel-node src/server.js'.
23 error Make sure you have the latest version of node.js and npm installed.
23 error If you do, this is most likely a problem with the matsmartare package,
23 error not with npm itself.
23 error Tell the author that this fails on your system:
23 error     babel-node src/server.js
23 error You can get information on how to open an issue for this project with:
23 error     npm bugs matsmartare
23 error Or if that isn't available, you can get their info via:
23 error     npm owner ls matsmartare
23 error There is likely additional logging output above.
24 verbose exit [ 1, true ]
